<?xml version="1.0" encoding="UTF-8"?>
<!-- Generated by org.testng.reporters.JUnitXMLReporter -->
<testsuite ignored="0" hostname="DESKTOP-7F44H94" failures="1" tests="2" name="ErrorValidationTest" time="27.172" errors="0" timestamp="2025-03-11T13:29:44 IST">
  <testcase classname="com.test.Error_Validation_Test" name="login_error_Validation" time="1.237">
    <failure type="java.lang.AssertionError" message="expected [Incorrect or password.] but found [Incorrect email or password.]">
      <![CDATA[java.lang.AssertionError: expected [Incorrect or password.] but found [Incorrect email or password.]
at com.test.Error_Validation_Test.login_error_Validation(Error_Validation_Test.java:26)
at java.base/java.util.ArrayList.forEach(ArrayList.java:1596)
... Removed 35 stack frames]]>
    </failure>
  </testcase> <!-- login_error_Validation -->
  <testcase classname="com.test.Error_Validation_Test" name="product_error_Validation" time="7.972"/>
</testsuite> <!-- ErrorValidationTest -->
